<?xml version="1.0" encoding="utf-8"?><testsuites><testsuite name="pytest" errors="0" failures="0" skipped="0" tests="3" time="63.391" timestamp="2024-03-02T14:19:57.605394" hostname="DESKTOP-FKFCJM2"><testcase classname="test_HomePage.TestHomePage" name="test_formSubmission[getData0]" time="28.155" /><testcase classname="test_HomePage.TestHomePage" name="test_formSubmission[getData1]" time="0.607" /><testcase classname="test_e2e.TestOne" name="test_e2e" time="34.586" /></testsuite></testsuites>